<?xml version="1.0" encoding="UTF-8"?>
<testng-results ignored="0" total="1" passed="1" failed="0" skipped="0">
  <reporter-output>
  </reporter-output>
  <suite started-at="2024-08-14T09:46:23 IST" name="Default suite" finished-at="2024-08-14T09:46:36 IST" duration-ms="13546">
    <groups>
    </groups>
    <test started-at="2024-08-14T09:46:23 IST" name="Default test" finished-at="2024-08-14T09:46:36 IST" duration-ms="13546">
      <class name="testpackage.VisitPOMTest">
        <test-method is-config="true" signature="setUp()[pri:0, instance:testpackage.VisitPOMTest@117159c0]" started-at="2024-08-14T09:46:23 IST" name="setUp" finished-at="2024-08-14T09:46:31 IST" duration-ms="8571" status="PASS">
          <reporter-output>
          </reporter-output>
        </test-method> <!-- setUp -->
        <test-method signature="testLogin()[pri:0, instance:testpackage.VisitPOMTest@117159c0]" started-at="2024-08-14T09:46:31 IST" name="testLogin" finished-at="2024-08-14T09:46:36 IST" duration-ms="4595" status="PASS">
          <reporter-output>
          </reporter-output>
        </test-method> <!-- testLogin -->
        <test-method is-config="true" signature="tearDown()[pri:0, instance:testpackage.VisitPOMTest@117159c0]" started-at="2024-08-14T09:46:36 IST" name="tearDown" finished-at="2024-08-14T09:46:36 IST" duration-ms="352" status="PASS">
          <reporter-output>
          </reporter-output>
        </test-method> <!-- tearDown -->
      </class> <!-- testpackage.VisitPOMTest -->
    </test> <!-- Default test -->
  </suite> <!-- Default suite -->
</testng-results>
